[     721ms] [INFO] %cDownload the React DevTools for a better development experience: https://react.dev/link/react-devtools font-weight:bold @ webpack-internal:///(app-pages-browser)/./node_modules/next/dist/compiled/react-dom/cjs/react-dom-client.development.js:25630
[     858ms] [ERROR] Failed to load resource: the server responded with a status of 404 (Not Found) @ http://127.0.0.1:3105/favicon.ico:0
[   44730ms] [LOG] [Fast Refresh] rebuilding @ webpack-internal:///(app-pages-browser)/./node_modules/next/dist/client/dev/hot-reloader/app/hot-reloader-app.js:196
[   45576ms] [LOG] [Fast Refresh] done in 846ms @ webpack-internal:///(app-pages-browser)/./node_modules/next/dist/client/dev/report-hmr-latency.js:13
[   67168ms] [LOG] [Fast Refresh] rebuilding @ webpack-internal:///(app-pages-browser)/./node_modules/next/dist/client/dev/hot-reloader/app/hot-reloader-app.js:196
[   67637ms] [LOG] [Fast Refresh] done in 468ms @ webpack-internal:///(app-pages-browser)/./node_modules/next/dist/client/dev/report-hmr-latency.js:13
[  104356ms] [LOG] [Fast Refresh] rebuilding @ webpack-internal:///(app-pages-browser)/./node_modules/next/dist/client/dev/hot-reloader/app/hot-reloader-app.js:196
[  104655ms] [LOG] [Fast Refresh] done in 300ms @ webpack-internal:///(app-pages-browser)/./node_modules/next/dist/client/dev/report-hmr-latency.js:13
[  141940ms] [LOG] [Fast Refresh] rebuilding @ webpack-internal:///(app-pages-browser)/./node_modules/next/dist/client/dev/hot-reloader/app/hot-reloader-app.js:196
[  143723ms] [LOG] [Fast Refresh] done in 1783ms @ webpack-internal:///(app-pages-browser)/./node_modules/next/dist/client/dev/report-hmr-latency.js:13
[  149070ms] [LOG] [Fast Refresh] rebuilding @ webpack-internal:///(app-pages-browser)/./node_modules/next/dist/client/dev/hot-reloader/app/hot-reloader-app.js:196
[  149559ms] [LOG] [Fast Refresh] done in 489ms @ webpack-internal:///(app-pages-browser)/./node_modules/next/dist/client/dev/report-hmr-latency.js:13
[  155559ms] [LOG] [Fast Refresh] rebuilding @ webpack-internal:///(app-pages-browser)/./node_modules/next/dist/client/dev/hot-reloader/app/hot-reloader-app.js:196
[  155953ms] [LOG] [Fast Refresh] done in 395ms @ webpack-internal:///(app-pages-browser)/./node_modules/next/dist/client/dev/report-hmr-latency.js:13
[  240228ms] [INFO] %cDownload the React DevTools for a better development experience: https://react.dev/link/react-devtools font-weight:bold @ webpack-internal:///(app-pages-browser)/./node_modules/next/dist/compiled/react-dom/cjs/react-dom-client.development.js:25630
[  407378ms] [LOG] [Fast Refresh] rebuilding @ webpack-internal:///(app-pages-browser)/./node_modules/next/dist/client/dev/hot-reloader/app/hot-reloader-app.js:196
[  409439ms] [ERROR] Failed to load resource: the server responded with a status of 404 (Not Found) @ http://127.0.0.1:3105/_next/static/webpack/78d1faabd278d0da.webpack.hot-update.json:0
[  411358ms] [ERROR] Failed to load resource: the server responded with a status of 500 (Internal Server Error) @ http://127.0.0.1:3105/?_rsc=fsnpp:0
[  411366ms] [ERROR] Failed to load resource: the server responded with a status of 500 (Internal Server Error) @ http://127.0.0.1:3105/:0
[  411865ms] [INFO] %cDownload the React DevTools for a better development experience: https://react.dev/link/react-devtools font-weight:bold @ webpack-internal:///(pages-dir-browser)/./node_modules/react-dom/cjs/react-dom-client.development.js:28004
[  412095ms] Error: Cannot find module './331.js'
Require stack:
- C:\Users\pcho\Documents\GitHub\ai_detector\.next\server\webpack-runtime.js
- C:\Users\pcho\Documents\GitHub\ai_detector\.next\server\pages\_document.js
- C:\Users\pcho\Documents\GitHub\ai_detector\node_modules\next\dist\server\require.js
- C:\Users\pcho\Documents\GitHub\ai_detector\node_modules\next\dist\server\load-components.js
- C:\Users\pcho\Documents\GitHub\ai_detector\node_modules\next\dist\build\utils.js
- C:\Users\pcho\Documents\GitHub\ai_detector\node_modules\next\dist\build\swc\options.js
- C:\Users\pcho\Documents\GitHub\ai_detector\node_modules\next\dist\build\swc\index.js
- C:\Users\pcho\Documents\GitHub\ai_detector\node_modules\next\dist\build\analysis\parse-module.js
- C:\Users\pcho\Documents\GitHub\ai_detector\node_modules\next\dist\build\analysis\get-page-static-info.js
- C:\Users\pcho\Documents\GitHub\ai_detector\node_modules\next\dist\server\lib\router-utils\setup-dev-bundler.js
- C:\Users\pcho\Documents\GitHub\ai_detector\node_modules\next\dist\server\lib\router-server.js
- C:\Users\pcho\Documents\GitHub\ai_detector\node_modules\next\dist\server\lib\start-server.js
    at Module.<anonymous> (node:internal/modules/cjs/loader:1421:15)
    at <unknown> (file://C:\Users\pcho\Documents\GitHub\ai_detector\node_modules\next\dist\server\require-hook.js:57:36)
    at defaultResolveImpl (node:internal/modules/cjs/loader:1059:19)
    at resolveForCJSWithHooks (node:internal/modules/cjs/loader:1064:22)
    at Module._load (node:internal/modules/cjs/loader:1227:37)
    at TracingChannel.traceSync (node:diagnostics_channel:328:14)
    at wrapModuleLoad (node:internal/modules/cjs/loader:245:24)
    at Module.<anonymous> (node:internal/modules/cjs/loader:1504:12)
    at mod.require (file://C:\Users\pcho\Documents\GitHub\ai_detector\node_modules\next\dist\server\require-hook.js:68:28)
    at require (node:internal/modules/helpers:152:16)
    at __webpack_require__.f.require (file://C:\Users\pcho\Documents\GitHub\ai_detector\.next\server\webpack-runtime.js:190:28)
    at <unknown> (file://C:\Users\pcho\Documents\GitHub\ai_detector\.next\server\webpack-runtime.js:103:40)
    at Array.reduce (<anonymous>)
    at __webpack_require__.e (file://C:\Users\pcho\Documents\GitHub\ai_detector\.next\server\webpack-runtime.js:102:67)
    at Array.map (<anonymous>)
    at __webpack_require__.X (file://C:\Users\pcho\Documents\GitHub\ai_detector\.next\server\webpack-runtime.js:154:22)
    at <unknown> (file://C:\Users\pcho\Documents\GitHub\ai_detector\.next\server\app\page.js:2:45677)
    at Object.<anonymous> (file://C:\Users\pcho\Documents\GitHub\ai_detector\.next\server\app\page.js:2:45727)
    at Module._compile (node:internal/modules/cjs/loader:1761:14)
    at Object..js (node:internal/modules/cjs/loader:1893:10)
    at Module.load (node:internal/modules/cjs/loader:1481:32)
    at Module._load (node:internal/modules/cjs/loader:1300:12)
    at TracingChannel.traceSync (node:diagnostics_channel:328:14)
    at wrapModuleLoad (node:internal/modules/cjs/loader:245:24)
    at Module.<anonymous> (node:internal/modules/cjs/loader:1504:12)
    at mod.require (file://C:\Users\pcho\Documents\GitHub\ai_detector\node_modules\next\dist\server\require-hook.js:68:28)
    at require (node:internal/modules/helpers:152:16)
    at requirePage (file://C:\Users\pcho\Documents\GitHub\ai_detector\node_modules\next\dist\server\require.js:99:80)
    at loadComponentsImpl (file://C:\Users\pcho\Documents\GitHub\ai_detector\node_modules\next\dist\server\load-components.js:132:57)
    at async DevServer.findPageComponentsImpl (file://C:\Users\pcho\Documents\GitHub\ai_detector\node_modules\next\dist\server\next-server.js:899:36)
    at async DevServer.findPageComponents (file://C:\Users\pcho\Documents\GitHub\ai_detector\node_modules\next\dist\server\dev\next-dev-server.js:706:16)
    at async DevServer.renderPageComponent (file://C:\Users\pcho\Documents\GitHub\ai_detector\node_modules\next\dist\server\base-server.js:1460:24)
    at async DevServer.renderToResponseImpl (file://C:\Users\pcho\Documents\GitHub\ai_detector\node_modules\next\dist\server\base-server.js:1514:32)
    at async DevServer.pipeImpl (file://C:\Users\pcho\Documents\GitHub\ai_detector\node_modules\next\dist\server\base-server.js:1025:25)
    at async NextNodeServer.handleCatchallRenderRequest (file://C:\Users\pcho\Documents\GitHub\ai_detector\node_modules\next\dist\server\next-server.js:393:17)
    at async DevServer.handleRequestImpl (file://C:\Users\pcho\Documents\GitHub\ai_detector\node_modules\next\dist\server\base-server.js:916:17)
    at async (file://C:\Users\pcho\Documents\GitHub\ai_detector\node_modules\next\dist\server\dev\next-dev-server.js:400:20)
    at async Span.traceAsyncFn (file://C:\Users\pcho\Documents\GitHub\ai_detector\node_modules\next\dist\trace\trace.js:157:20)
    at async DevServer.handleRequest (file://C:\Users\pcho\Documents\GitHub\ai_detector\node_modules\next\dist\server\dev\next-dev-server.js:396:24)
    at async invokeRender (file://C:\Users\pcho\Documents\GitHub\ai_detector\node_modules\next\dist\server\lib\router-server.js:240:21)
    at async handleRequest (file://C:\Users\pcho\Documents\GitHub\ai_detector\node_modules\next\dist\server\lib\router-server.js:437:24)
    at async requestHandlerImpl (file://C:\Users\pcho\Documents\GitHub\ai_detector\node_modules\next\dist\server\lib\router-server.js:485:13)
    at async Server.requestListener (file://C:\Users\pcho\Documents\GitHub\ai_detector\node_modules\next\dist\server\lib\start-server.js:226:13)
[  412095ms] [LOG] [HMR] connected @ webpack-internal:///(pages-dir-browser)/./node_modules/next/dist/client/dev/hot-reloader/pages/websocket.js:45
